Arguments: 
  /home/pi/.nvm/versions/node/v10.20.1/bin/node /home/pi/.yarn/bin/yarn.js add @types/child_process

PATH: 
  /home/pi/.yarn/bin:/home/pi/.config/yarn/global/node_modules/.bin:/home/pi/.nvm/versions/node/v10.20.1/bin:/home/pi/.vscode-server/bin/5763d909d5f12fe19f215cbfdd29a91c0fa9208a/bin:/usr/local/sbin:/usr/local/bin:/usr/sbin:/usr/bin:/sbin:/bin:/usr/local/games:/usr/games

Yarn version: 
  1.22.4

Node version: 
  10.20.1

Platform: 
  linux arm

Trace: 
  Error: https://registry.yarnpkg.com/@types%2fchild_process: Not found
      at Request.params.callback [as _callback] (/home/pi/.yarn/lib/cli.js:66987:18)
      at Request.self.callback (/home/pi/.yarn/lib/cli.js:140748:22)
      at Request.emit (events.js:198:13)
      at Request.<anonymous> (/home/pi/.yarn/lib/cli.js:141720:10)
      at Request.emit (events.js:198:13)
      at IncomingMessage.<anonymous> (/home/pi/.yarn/lib/cli.js:141642:12)
      at Object.onceWrapper (events.js:286:20)
      at IncomingMessage.emit (events.js:203:15)
      at endReadableNT (_stream_readable.js:1145:12)
      at process._tickCallback (internal/process/next_tick.js:63:19)

npm manifest: 
  {
    "name": "radio",
    "version": "1.0.0",
    "description": "Server to transmit radio signals",
    "main": "index.ts",
    "scripts": {
      "test": "echo \"Error: no test specified\" && exit 1",
      "tsc": "tsc"
    },
    "author": "Ting Chen",
    "license": "ISC",
    "dependencies": {
      "child_process": "^1.0.2",
      "typescript": "^3.9.3"
    }
  }

yarn manifest: 
  No manifest

Lockfile: 
  # THIS IS AN AUTOGENERATED FILE. DO NOT EDIT THIS FILE DIRECTLY.
  # yarn lockfile v1
  
  
  child_process@^1.0.2:
    version "1.0.2"
    resolved "https://registry.yarnpkg.com/child_process/-/child_process-1.0.2.tgz#b1f7e7fc73d25e7fd1d455adc94e143830182b5a"
    integrity sha1-sffn/HPSXn/R1FWtyU4UODAYK1o=
  
  typescript@^3.9.3:
    version "3.9.3"
    resolved "https://registry.yarnpkg.com/typescript/-/typescript-3.9.3.tgz#d3ac8883a97c26139e42df5e93eeece33d610b8a"
    integrity sha512-D/wqnB2xzNFIcoBG9FG8cXRDjiqSTbG2wd8DMZeQyJlP1vfTkIxH4GKveWaEBYySKIg+USu+E+EDIR47SqnaMQ==
